A regular message
After UnLoaded Library
Something bad is going on but I can handle it
After UnLoaded Library
Everything crumbles, shoot me now!
After UnLoaded Library
An important message
lar message
After UnLoaded Library
Something bad is going on but I can handle it
After UnLoaded Library
Everything crumbles, shoot me now!
After UnLoaded Library
An important message
egular message
After UnLoaded Library
Something bad is going on but I can handle it
After UnLoaded Library
Everything crumbles, shoot me now!
After UnLoaded Library
An important message
